<?xml version="1.0" encoding="UTF-8"?>
<testsuite name="SILab2Test" tests="2" skipped="0" failures="0" errors="0" timestamp="2022-06-03T20:58:58" hostname="WORKSTATION-JAN" time="0.043">
  <properties/>
  <testcase name="functionEveryStatement()" classname="SILab2Test" time="0.041"/>
  <testcase name="functionEveryBranch()" classname="SILab2Test" time="0.001"/>
  <system-out><![CDATA[]]></system-out>
  <system-err><![CDATA[]]></system-err>
</testsuite>
